2022-05-04 17:53:15.844 DEBUG [86398] [MessageManager::init@17] MessageManager start init
2022-05-04 17:53:15.847 DEBUG [86398] [MessageManager::init@50] MessageManager end init
2022-05-04 17:53:39.518 DEBUG [86398] [MessageManager::run_socket@70] connected
2022-05-04 17:53:39.528 DEBUG [86398] [MessageManager::run_socket@76] {"id": 123456, "name": "test", "data": [1, 2, 3, 4, 5]}
2022-05-04 17:54:13.135 DEBUG [86398] [MessageManager::run_socket@70] connected
2022-05-04 17:54:13.145 DEBUG [86398] [MessageManager::run_socket@76] {"id": 123456, "name": "test", "data": [1, 2, 3, 4, 5]}
2022-05-04 17:55:09.123 DEBUG [86695] [MessageManager::init@17] MessageManager start init
2022-05-04 17:55:09.126 DEBUG [86695] [MessageManager::init@50] MessageManager end init
2022-05-04 17:55:30.514 DEBUG [86695] [MessageManager::run_socket@70] connected
2022-05-04 17:55:30.515 DEBUG [86695] [MessageManager::run_socket@76] {"id": 123456, "name": "test", "data": [1, 2, 3, 4, 5]}
2022-05-04 17:58:14.041 DEBUG [87052] [MessageManager::init@17] MessageManager start init
2022-05-04 17:58:14.041 DEBUG [87052] [MessageManager::init@50] MessageManager end init
2022-05-04 17:58:14.041 DEBUG [87052] [MessageConnection::connect@18] wait to connect
2022-05-04 17:58:21.642 DEBUG [87052] [MessageManager::run_socket@70] connected
2022-05-04 17:58:21.643 DEBUG [87052] [MessageManager::run_socket@76] {"id": 123456, "name": "test", "data": [1, 2, 3, 4, 5]}
2022-05-04 17:58:21.643 DEBUG [87052] [MessageSender::send@19] message size is 8
2022-05-04 17:58:21.643 DEBUG [87052] [MessageConnection::connect@18] wait to connect
2022-05-04 17:59:42.478 DEBUG [87228] [MessageManager::init@17] MessageManager start init
2022-05-04 17:59:42.478 DEBUG [87228] [MessageManager::init@50] MessageManager end init
2022-05-04 17:59:42.478 DEBUG [87228] [MessageConnection::connect@18] wait to connect
2022-05-04 17:59:46.194 DEBUG [87228] [MessageManager::run_socket@70] connected
2022-05-04 17:59:46.194 DEBUG [87228] [MessageManager::run_socket@76] {"id": 123456, "name": "test", "data": [1, 2, 3, 4, 5]}
2022-05-04 17:59:46.194 DEBUG [87228] [MessageSender::send@19] Sent From C++
2022-05-04 17:59:46.194 DEBUG [87228] [MessageSender::send@21] S
2022-05-04 17:59:46.194 DEBUG [87228] [MessageSender::send@21] e
2022-05-04 17:59:46.194 DEBUG [87228] [MessageSender::send@21] n
2022-05-04 17:59:46.194 DEBUG [87228] [MessageSender::send@21] t
2022-05-04 17:59:46.194 DEBUG [87228] [MessageSender::send@21]  
2022-05-04 17:59:46.194 DEBUG [87228] [MessageSender::send@21] F
2022-05-04 17:59:46.194 DEBUG [87228] [MessageSender::send@21] r
2022-05-04 17:59:46.194 DEBUG [87228] [MessageSender::send@21] o
2022-05-04 17:59:46.194 DEBUG [87228] [MessageSender::send@23] message size is 8
2022-05-04 17:59:46.194 DEBUG [87228] [MessageConnection::connect@18] wait to connect
2022-05-04 18:02:53.914 DEBUG [87449] [MessageManager::init@17] MessageManager start init
2022-05-04 18:02:53.914 DEBUG [87449] [MessageManager::init@50] MessageManager end init
2022-05-04 18:02:53.914 DEBUG [87449] [MessageConnection::connect@18] wait to connect
2022-05-04 18:02:58.217 DEBUG [87449] [MessageManager::run_socket@70] connected
2022-05-04 18:02:58.227 DEBUG [87449] [MessageManager::run_socket@76] {"id": 123456, "name": "test", "data": [1, 2, 3, 4, 5]}
2022-05-04 18:02:58.227 DEBUG [87449] [MessageSender::send@19] Sent From C++
2022-05-04 18:02:58.227 DEBUG [87449] [MessageSender::send@21] S
2022-05-04 18:02:58.227 DEBUG [87449] [MessageSender::send@21] e
2022-05-04 18:02:58.228 DEBUG [87449] [MessageSender::send@21] n
2022-05-04 18:02:58.228 DEBUG [87449] [MessageSender::send@21] t
2022-05-04 18:02:58.228 DEBUG [87449] [MessageSender::send@21]  
2022-05-04 18:02:58.228 DEBUG [87449] [MessageSender::send@21] F
2022-05-04 18:02:58.228 DEBUG [87449] [MessageSender::send@21] r
2022-05-04 18:02:58.228 DEBUG [87449] [MessageSender::send@21] o
2022-05-04 18:02:58.228 DEBUG [87449] [MessageSender::send@21] m
2022-05-04 18:02:58.228 DEBUG [87449] [MessageSender::send@21]  
2022-05-04 18:02:58.228 DEBUG [87449] [MessageSender::send@21] C
2022-05-04 18:02:58.228 DEBUG [87449] [MessageSender::send@21] +
2022-05-04 18:02:58.228 DEBUG [87449] [MessageSender::send@21] +
2022-05-04 18:02:58.228 DEBUG [87449] [MessageSender::send@23] message size is 13
2022-05-04 18:02:58.228 DEBUG [87449] [MessageConnection::connect@18] wait to connect
